<?xml version="1.0" encoding="UTF-8"?>
<!-- Generated by org.testng.reporters.JUnitXMLReporter -->
<testsuite ignored="3" hostname="kirananx-mobl1" failures="0" tests="1" name="Default test" time="23.618" errors="0" timestamp="2022-11-13T09:13:38 IST">
  <testcase classname="testcases.loginTest" name="ExternalDataTest" time="9.983"/>
  <testcase classname="testcases.loginTest" name="LoginSuccesstest" time="0.0">
    <ignored/>
  </testcase> <!-- LoginSuccesstest -->
  <testcase classname="testcases.loginTest" name="ParameterizedTest" time="0.0">
    <ignored/>
  </testcase> <!-- ParameterizedTest -->
  <testcase classname="testcases.loginTest" name="LoginfailureTest" time="0.0">
    <ignored/>
  </testcase> <!-- LoginfailureTest -->
</testsuite> <!-- Default test -->
