<?xml version="1.0" encoding="UTF-8"?>
<!-- Generated by org.testng.reporters.JUnitXMLReporter -->
<testsuite ignored="0" hostname="kirananx-mobl1" failures="0" tests="4" name="Test" time="70.609" errors="0" timestamp="2022-11-13T09:15:53 IST">
  <testcase classname="testcases.loginTest" name="ExternalDataTest" time="7.726"/>
  <testcase classname="testcases.loginTest" name="LoginSuccesstest" time="12.531"/>
  <testcase classname="testcases.loginTest" name="LoginfailureTest" time="7.165"/>
  <testcase classname="testcases.loginTest" name="ParameterizedTest" time="8.236"/>
</testsuite> <!-- Test -->
