<?xml version="1.0" encoding="UTF-8"?>
<!-- Generated by org.testng.reporters.JUnitXMLReporter -->
<testsuite ignored="0" hostname="kirananx-mobl1" failures="0" tests="4" name="Test" time="41.268" errors="0" timestamp="2022-11-19T11:04:11 IST">
  <testcase classname="testcases.loginTest" name="ExternalDataTest" time="7.216"/>
  <testcase classname="testcases.loginTest" name="LoginSuccesstest" time="5.926"/>
  <testcase classname="testcases.loginTest" name="LoginfailureTest" time="7.043"/>
  <testcase classname="testcases.loginTest" name="ParameterizedTest" time="5.565"/>
</testsuite> <!-- Test -->
