<?xml version="1.0" encoding="UTF-8"?>
<testng-results ignored="0" total="4" passed="4" failed="0" skipped="0">
  <reporter-output>
  </reporter-output>
  <suite started-at="2022-11-19T11:03:30 IST" name="Suite" finished-at="2022-11-19T11:04:11 IST" duration-ms="41268">
    <groups>
    </groups>
    <test started-at="2022-11-19T11:03:30 IST" name="Test" finished-at="2022-11-19T11:04:11 IST" duration-ms="41268">
      <class name="testcases.loginTest">
        <test-method is-config="true" signature="DataSetup()[pri:0, instance:testcases.loginTest@193f604a]" started-at="2022-11-19T11:03:30 IST" name="DataSetup" finished-at="2022-11-19T11:03:31 IST" duration-ms="687" status="PASS">
          <reporter-output>
          </reporter-output>
        </test-method> <!-- DataSetup -->
        <test-method is-config="true" signature="SetUp(java.lang.reflect.Method)[pri:0, instance:testcases.loginTest@193f604a]" started-at="2022-11-19T11:03:31 IST" name="SetUp" finished-at="2022-11-19T11:03:35 IST" duration-ms="3998" status="PASS">
          <params>
            <param index="0">
              <value>
                <![CDATA[public void testcases.loginTest.ExternalDataTest()]]>
              </value>
            </param>
          </params>
          <reporter-output>
          </reporter-output>
        </test-method> <!-- SetUp -->
        <test-method signature="ExternalDataTest()[pri:0, instance:testcases.loginTest@193f604a]" started-at="2022-11-19T11:03:35 IST" name="ExternalDataTest" finished-at="2022-11-19T11:03:42 IST" duration-ms="7216" status="PASS">
          <reporter-output>
          </reporter-output>
        </test-method> <!-- ExternalDataTest -->
        <test-method is-config="true" signature="TearDown()[pri:0, instance:testcases.loginTest@193f604a]" started-at="2022-11-19T11:03:42 IST" name="TearDown" finished-at="2022-11-19T11:03:42 IST" duration-ms="203" status="PASS">
          <reporter-output>
          </reporter-output>
        </test-method> <!-- TearDown -->
        <test-method is-config="true" signature="SetUp(java.lang.reflect.Method)[pri:0, instance:testcases.loginTest@193f604a]" started-at="2022-11-19T11:03:42 IST" name="SetUp" finished-at="2022-11-19T11:03:45 IST" duration-ms="3070" status="PASS">
          <params>
            <param index="0">
              <value>
                <![CDATA[public void testcases.loginTest.LoginSuccesstest()]]>
              </value>
            </param>
          </params>
          <reporter-output>
          </reporter-output>
        </test-method> <!-- SetUp -->
        <test-method signature="LoginSuccesstest()[pri:0, instance:testcases.loginTest@193f604a]" started-at="2022-11-19T11:03:45 IST" name="LoginSuccesstest" finished-at="2022-11-19T11:03:51 IST" duration-ms="5926" status="PASS">
          <reporter-output>
          </reporter-output>
        </test-method> <!-- LoginSuccesstest -->
        <test-method is-config="true" signature="TearDown()[pri:0, instance:testcases.loginTest@193f604a]" started-at="2022-11-19T11:03:51 IST" name="TearDown" finished-at="2022-11-19T11:03:51 IST" duration-ms="211" status="PASS">
          <reporter-output>
          </reporter-output>
        </test-method> <!-- TearDown -->
        <test-method is-config="true" signature="SetUp(java.lang.reflect.Method)[pri:0, instance:testcases.loginTest@193f604a]" started-at="2022-11-19T11:03:51 IST" name="SetUp" finished-at="2022-11-19T11:03:54 IST" duration-ms="3074" status="PASS">
          <params>
            <param index="0">
              <value>
                <![CDATA[public void testcases.loginTest.LoginfailureTest()]]>
              </value>
            </param>
          </params>
          <reporter-output>
          </reporter-output>
        </test-method> <!-- SetUp -->
        <test-method signature="LoginfailureTest()[pri:0, instance:testcases.loginTest@193f604a]" started-at="2022-11-19T11:03:54 IST" name="LoginfailureTest" finished-at="2022-11-19T11:04:02 IST" duration-ms="7043" status="PASS">
          <reporter-output>
          </reporter-output>
        </test-method> <!-- LoginfailureTest -->
        <test-method is-config="true" signature="TearDown()[pri:0, instance:testcases.loginTest@193f604a]" started-at="2022-11-19T11:04:02 IST" name="TearDown" finished-at="2022-11-19T11:04:02 IST" duration-ms="190" status="PASS">
          <reporter-output>
          </reporter-output>
        </test-method> <!-- TearDown -->
        <test-method is-config="true" signature="SetUp(java.lang.reflect.Method)[pri:0, instance:testcases.loginTest@193f604a]" started-at="2022-11-19T11:04:02 IST" name="SetUp" finished-at="2022-11-19T11:04:05 IST" duration-ms="3558" status="PASS">
          <params>
            <param index="0">
              <value>
                <![CDATA[public void testcases.loginTest.ParameterizedTest(java.lang.String,java.lang.String)]]>
              </value>
            </param>
          </params>
          <reporter-output>
          </reporter-output>
        </test-method> <!-- SetUp -->
        <test-method signature="ParameterizedTest(java.lang.String,java.lang.String)[pri:0, instance:testcases.loginTest@193f604a]" started-at="2022-11-19T11:04:05 IST" name="ParameterizedTest" finished-at="2022-11-19T11:04:11 IST" duration-ms="5565" status="PASS">
          <params>
            <param index="0">
              <value>
                <![CDATA[creatorshashikiran@gmail.com/]]>
              </value>
            </param>
            <param index="1">
              <value>
                <![CDATA[Reset@123/]]>
              </value>
            </param>
          </params>
          <reporter-output>
          </reporter-output>
        </test-method> <!-- ParameterizedTest -->
        <test-method is-config="true" signature="TearDown()[pri:0, instance:testcases.loginTest@193f604a]" started-at="2022-11-19T11:04:11 IST" name="TearDown" finished-at="2022-11-19T11:04:11 IST" duration-ms="207" status="PASS">
          <reporter-output>
          </reporter-output>
        </test-method> <!-- TearDown -->
        <test-method is-config="true" signature="DataTeardown()[pri:0, instance:testcases.loginTest@193f604a]" started-at="2022-11-19T11:04:11 IST" name="DataTeardown" finished-at="2022-11-19T11:04:11 IST" duration-ms="280" status="PASS">
          <reporter-output>
          </reporter-output>
        </test-method> <!-- DataTeardown -->
      </class> <!-- testcases.loginTest -->
    </test> <!-- Test -->
  </suite> <!-- Suite -->
</testng-results>
